mode: count
saas/oauth/db.go:41.48,43.2 1 2
saas/oauth/db.go:46.74,48.9 2 6
saas/oauth/db.go:51.2,51.15 1 6
saas/oauth/db.go:48.9,50.3 1 0
saas/oauth/db.go:55.63,56.49 1 1
saas/oauth/db.go:59.2,60.12 2 1
saas/oauth/db.go:56.49,58.3 1 0
saas/oauth/db.go:64.64,65.57 1 3
saas/oauth/db.go:68.2,69.12 2 2
saas/oauth/db.go:65.57,67.3 1 1
saas/oauth/db.go:73.64,74.58 1 1
saas/oauth/db.go:77.2,78.12 2 1
saas/oauth/db.go:74.58,76.3 1 0
saas/oauth/db.go:87.42,89.2 1 2
saas/oauth/db.go:92.88,106.2 3 2
saas/oauth/db.go:109.66,110.47 1 2
saas/oauth/db.go:113.2,114.12 2 2
saas/oauth/db.go:110.47,112.3 1 0
saas/oauth/db.go:118.73,119.47 1 5
saas/oauth/db.go:122.2,122.41 1 4
saas/oauth/db.go:119.47,121.3 1 1
saas/oauth/db.go:126.66,128.16 2 2
saas/oauth/db.go:132.2,132.82 1 1
saas/oauth/db.go:135.2,135.12 1 1
saas/oauth/db.go:128.16,130.3 1 1
saas/oauth/db.go:132.82,134.3 1 0
saas/oauth/db.go:139.67,141.16 2 2
saas/oauth/db.go:145.2,145.82 1 2
saas/oauth/db.go:150.2,150.84 1 2
saas/oauth/db.go:155.2,157.12 3 2
saas/oauth/db.go:141.16,143.3 1 0
saas/oauth/db.go:145.82,148.3 1 0
saas/oauth/db.go:150.84,153.3 1 0
saas/oauth/db.go:161.27,166.36 4 8
saas/oauth/db.go:170.2,170.37 1 8
saas/oauth/db.go:166.36,169.3 2 512
saas/oauth/merchant.go:22.55,28.2 1 3
saas/oauth/merchant.go:31.42,33.2 1 1
saas/oauth/merchant.go:36.36,38.2 1 2
saas/oauth/merchant.go:41.50,42.37 1 7
saas/oauth/merchant.go:46.2,46.14 1 1
saas/oauth/merchant.go:42.37,45.3 2 6
saas/oauth/merchant.go:50.50,51.36 1 1
saas/oauth/merchant.go:55.2,55.14 1 0
saas/oauth/merchant.go:51.36,54.3 2 1
saas/oauth/merchant.go:59.54,61.2 1 2
saas/oauth/merchant.go:64.46,68.2 2 7
saas/oauth/merchant.go:71.38,75.2 3 3
saas/oauth/oauth.go:21.51,23.2 1 1
saas/oauth/oauth.go:26.41,28.2 1 1
saas/oauth/oauth.go:31.35,33.2 1 0
saas/oauth/oauth.go:36.88,38.16 2 1
saas/oauth/oauth.go:41.2,41.80 1 1
saas/oauth/oauth.go:44.2,44.35 1 1
saas/oauth/oauth.go:47.2,49.16 3 1
saas/oauth/oauth.go:38.16,40.3 1 0
saas/oauth/oauth.go:41.80,43.3 1 0
saas/oauth/oauth.go:44.35,46.3 1 0
saas/oauth/oauth.go:49.16,51.3 1 0
saas/oauth/oauth.go:51.8,53.3 1 1
saas/oauth/oauth.go:57.77,59.16 2 1
saas/oauth/oauth.go:62.2,62.35 1 1
saas/oauth/oauth.go:65.2,65.44 1 1
saas/oauth/oauth.go:59.16,61.3 1 0
saas/oauth/oauth.go:62.35,64.3 1 0
saas/oauth/oauth.go:70.76,72.16 2 2
saas/oauth/oauth.go:75.2,75.35 1 2
saas/oauth/oauth.go:78.2,78.43 1 2
saas/oauth/oauth.go:72.16,74.3 1 0
saas/oauth/oauth.go:75.35,77.3 1 0
saas/oauth/oauth.go:82.76,84.16 2 1
saas/oauth/oauth.go:87.2,87.35 1 1
saas/oauth/oauth.go:90.2,90.43 1 1
saas/oauth/oauth.go:84.16,86.3 1 0
saas/oauth/oauth.go:87.35,89.3 1 0
saas/oauth/oauth.go:94.78,97.2 2 2
saas/oauth/oauth.go:100.89,103.2 2 2
saas/oauth/token.go:22.24,24.2 1 2
saas/oauth/token.go:27.41,29.2 1 1
saas/oauth/token.go:32.52,34.2 1 1
saas/oauth/token.go:37.47,39.2 1 4
saas/oauth/token.go:42.55,44.2 1 3
saas/oauth/token.go:47.52,49.2 1 4
saas/oauth/token.go:52.55,54.2 1 3
saas/oauth/token.go:57.42,59.2 1 1
saas/oauth/token.go:62.49,64.2 1 1
saas/oauth/token.go:67.48,69.2 1 3
saas/oauth/token.go:72.56,74.2 1 1
saas/oauth/token.go:77.53,79.2 1 3
saas/oauth/token.go:82.56,84.2 1 1
saas/oauth/token.go:87.35,91.2 3 3
